2023-08-19T04:46:05.602450+00:00 WARNING 'ansible_navigator.image_manager.puller._log_message' Image inspection failed, image assumed to be corrupted or missing
2023-08-19T04:46:05.950307+00:00 ERROR 'ansible_navigator.image_manager.puller._log_message' Execution environment pull failed
2023-08-19T04:46:37.651992+00:00 WARNING 'ansible_navigator.image_manager.puller._log_message' Image inspection failed, image assumed to be corrupted or missing
2023-08-19T04:49:09.251471+00:00 INFO 'ansible_navigator.setup_logger' New ansible-navigator instance, logging initialized
2023-08-19T04:49:09.251734+00:00 INFO 'ansible_navigator.setup_logger' New ansible-runner instance, logging initialized
2023-08-19T04:49:09.251775+00:00 DEBUG 'ansible_navigator.main' ansible-builder==1.1.0 /usr/lib/python3.9/site-packages
2023-08-19T04:49:09.251798+00:00 DEBUG 'ansible_navigator.main' ansible-core==2.13.4 /usr/lib/python3.9/site-packages
2023-08-19T04:49:09.251818+00:00 DEBUG 'ansible_navigator.main' ansible-navigator==2.1.0 /usr/lib/python3.9/site-packages
2023-08-19T04:49:09.251837+00:00 DEBUG 'ansible_navigator.main' ansible-runner==2.2.1 /usr/lib/python3.9/site-packages
2023-08-19T04:49:09.251855+00:00 DEBUG 'ansible_navigator.main' attrs==21.4.0 /usr/lib/python3.9/site-packages
2023-08-19T04:49:09.251883+00:00 DEBUG 'ansible_navigator.main' bindep==2.10.2 /usr/lib/python3.9/site-packages
2023-08-19T04:49:09.251902+00:00 DEBUG 'ansible_navigator.main' cffi==1.14.3 /usr/lib64/python3.9/site-packages
2023-08-19T04:49:09.251920+00:00 DEBUG 'ansible_navigator.main' cryptography==3.3.1 /usr/lib64/python3.9/site-packages
2023-08-19T04:49:09.251938+00:00 DEBUG 'ansible_navigator.main' distro==1.6.0 /usr/lib/python3.9/site-packages
2023-08-19T04:49:09.251956+00:00 DEBUG 'ansible_navigator.main' docutils==0.16 /usr/lib/python3.9/site-packages
2023-08-19T04:49:09.251974+00:00 DEBUG 'ansible_navigator.main' idna==2.10 /usr/lib/python3.9/site-packages
2023-08-19T04:49:09.251991+00:00 DEBUG 'ansible_navigator.main' importlib-metadata==4.10.1 /usr/lib/python3.9/site-packages
2023-08-19T04:49:09.252009+00:00 DEBUG 'ansible_navigator.main' jinja2==3.0.3 /usr/lib/python3.9/site-packages
2023-08-19T04:49:09.252027+00:00 DEBUG 'ansible_navigator.main' jsonschema==4.6.0 /usr/lib/python3.9/site-packages
2023-08-19T04:49:09.252062+00:00 DEBUG 'ansible_navigator.main' lockfile==0.12.2 /usr/lib/python3.9/site-packages
2023-08-19T04:49:09.252081+00:00 DEBUG 'ansible_navigator.main' markupsafe==2.1.0 /usr/lib64/python3.9/site-packages
2023-08-19T04:49:09.252100+00:00 DEBUG 'ansible_navigator.main' onigurumacffi==1.1.0 /usr/lib64/python3.9/site-packages
2023-08-19T04:49:09.252119+00:00 DEBUG 'ansible_navigator.main' packaging==21.3 /usr/lib/python3.9/site-packages
2023-08-19T04:49:09.252152+00:00 DEBUG 'ansible_navigator.main' parsley==1.3 /usr/lib/python3.9/site-packages
2023-08-19T04:49:09.252172+00:00 DEBUG 'ansible_navigator.main' pbr==5.8.1 /usr/lib/python3.9/site-packages
2023-08-19T04:49:09.252190+00:00 DEBUG 'ansible_navigator.main' pexpect==4.8.0 /usr/lib/python3.9/site-packages
2023-08-19T04:49:09.252209+00:00 DEBUG 'ansible_navigator.main' pip==20.2.4 /usr/lib/python3.9/site-packages
2023-08-19T04:49:09.252228+00:00 DEBUG 'ansible_navigator.main' ply==3.11 /usr/lib/python3.9/site-packages
2023-08-19T04:49:09.252247+00:00 DEBUG 'ansible_navigator.main' ptyprocess==0.6.0 /usr/lib/python3.9/site-packages
2023-08-19T04:49:09.252265+00:00 DEBUG 'ansible_navigator.main' pycparser==2.20 /usr/lib/python3.9/site-packages
2023-08-19T04:49:09.252284+00:00 DEBUG 'ansible_navigator.main' pyparsing==2.4.7 /usr/lib/python3.9/site-packages
2023-08-19T04:49:09.252303+00:00 DEBUG 'ansible_navigator.main' pyrsistent==0.18.1 /usr/lib64/python3.9/site-packages
2023-08-19T04:49:09.252321+00:00 DEBUG 'ansible_navigator.main' python-daemon==2.3.0 /usr/lib/python3.9/site-packages
2023-08-19T04:49:09.252339+00:00 DEBUG 'ansible_navigator.main' pyyaml==5.4.1 /usr/lib64/python3.9/site-packages
2023-08-19T04:49:09.252358+00:00 DEBUG 'ansible_navigator.main' requirements-parser==0.2.0 /usr/lib/python3.9/site-packages
2023-08-19T04:49:09.252393+00:00 DEBUG 'ansible_navigator.main' resolvelib==0.5.4 /usr/lib/python3.9/site-packages
2023-08-19T04:49:09.252413+00:00 DEBUG 'ansible_navigator.main' setuptools==50.3.2 /usr/lib/python3.9/site-packages
2023-08-19T04:49:09.252432+00:00 DEBUG 'ansible_navigator.main' six==1.15.0 /usr/lib/python3.9/site-packages
2023-08-19T04:49:09.252450+00:00 DEBUG 'ansible_navigator.main' typing-extensions==3.10.0.2 /usr/lib/python3.9/site-packages
2023-08-19T04:49:09.252469+00:00 DEBUG 'ansible_navigator.main' zipp==3.4.0 /usr/lib/python3.9/site-packages
2023-08-19T04:49:09.252487+00:00 DEBUG 'ansible_navigator.main' Share directory '/usr/lib/python3.9/share/ansible_navigator' not found (development path)
2023-08-19T04:49:09.252506+00:00 DEBUG 'ansible_navigator.main' Share directory '/home/student/.local/share/ansible_navigator' not found (userbase)
2023-08-19T04:49:09.252524+00:00 DEBUG 'ansible_navigator.main' Share directory '/usr/share/ansible_navigator' found (sys.prefix)
2023-08-19T04:49:09.252543+00:00 DEBUG 'ansible_navigator.main' Default collection_doc_cache_path set to: /home/student/.cache/ansible-navigator/collection_doc_cache.db
2023-08-19T04:49:09.252562+00:00 DEBUG 'ansible_navigator.main' EDITOR environment variable not set
2023-08-19T04:49:09.252580+00:00 DEBUG 'ansible_navigator.main' Default editor_command set to: vi +{line_number} {filename}
2023-08-19T04:49:09.252599+00:00 DEBUG 'ansible_navigator.main' No config file set by ANSIBLE_NAVIGATOR_CONFIG
2023-08-19T04:49:09.252617+00:00 DEBUG 'ansible_navigator.main' Looking in /home/student
2023-08-19T04:49:09.252635+00:00 DEBUG 'ansible_navigator.main' Looking for '/home/student/.ansible-navigator.yml', '/home/student/.ansible-navigator.yaml' and '/home/student/.ansible-navigator.json'
2023-08-19T04:49:09.252654+00:00 DEBUG 'ansible_navigator.main' Found 0: 
2023-08-19T04:49:09.252672+00:00 DEBUG 'ansible_navigator.main' Looking in /home/student/EX374/user-project
2023-08-19T04:49:09.252691+00:00 DEBUG 'ansible_navigator.main' Looking for '/home/student/EX374/user-project/ansible-navigator.yml', '/home/student/EX374/user-project/ansible-navigator.yaml' and '/home/student/EX374/user-project/ansible-navigator.json'
2023-08-19T04:49:09.252709+00:00 DEBUG 'ansible_navigator.main' Found 1: '/home/student/EX374/user-project/ansible-navigator.yml'
2023-08-19T04:49:09.252728+00:00 DEBUG 'ansible_navigator.main' All found 1: '/home/student/EX374/user-project/ansible-navigator.yml'
2023-08-19T04:49:09.252747+00:00 DEBUG 'ansible_navigator.main' Using: /home/student/EX374/user-project/ansible-navigator.yml
2023-08-19T04:49:09.252765+00:00 DEBUG 'ansible_navigator.main' Using settings file at /home/student/EX374/user-project/ansible-navigator.yml in search path
2023-08-19T04:49:09.252784+00:00 DEBUG 'ansible_navigator.main' Command provided: 'create_user.yml --syntax'
2023-08-19T04:49:09.252802+00:00 DEBUG 'ansible_navigator.main' ansible-navigator.ansible-runner.artifact-dir not found in settings file
2023-08-19T04:49:09.252820+00:00 DEBUG 'ansible_navigator.main' ansible-navigator.ansible-runner.rotate-artifacts-count not found in settings file
2023-08-19T04:49:09.252839+00:00 DEBUG 'ansible_navigator.main' ansible-navigator.ansible-runner.timeout not found in settings file
2023-08-19T04:49:09.252862+00:00 DEBUG 'ansible_navigator.main' ansible-navigator.app not found in settings file
2023-08-19T04:49:09.252882+00:00 DEBUG 'ansible_navigator.main' ansible-navigator.ansible.cmdline not found in settings file
2023-08-19T04:49:09.252900+00:00 DEBUG 'ansible_navigator.main' ansible-navigator.collection-doc-cache-path not found in settings file
2023-08-19T04:49:09.252919+00:00 DEBUG 'ansible_navigator.main' ansible-navigator.ansible.config.path not found in settings file
2023-08-19T04:49:09.252937+00:00 DEBUG 'ansible_navigator.main' ansible-navigator.execution-environment.container-engine not found in settings file
2023-08-19T04:49:09.252955+00:00 DEBUG 'ansible_navigator.main' ansible-navigator.execution-environment.container-options not found in settings file
2023-08-19T04:49:09.252980+00:00 DEBUG 'ansible_navigator.main' ansible-navigator.color.enable not found in settings file
2023-08-19T04:49:09.252998+00:00 DEBUG 'ansible_navigator.main' ansible-navigator.editor.command not found in settings file
2023-08-19T04:49:09.253016+00:00 DEBUG 'ansible_navigator.main' ansible-navigator.editor.console not found in settings file
2023-08-19T04:49:09.253035+00:00 DEBUG 'ansible_navigator.main' ansible-navigator.exec.command not found in settings file
2023-08-19T04:49:09.253053+00:00 DEBUG 'ansible_navigator.main' ansible-navigator.exec.shell not found in settings file
2023-08-19T04:49:09.253071+00:00 DEBUG 'ansible_navigator.main' ansible-navigator.execution-environment.enabled not found in settings file
2023-08-19T04:49:09.253088+00:00 DEBUG 'ansible_navigator.main' ansible-navigator.execution-environment.volume-mounts not found in settings file
2023-08-19T04:49:09.253107+00:00 DEBUG 'ansible_navigator.main' ansible-navigator.ansible-builder.help not found in settings file
2023-08-19T04:49:09.253139+00:00 DEBUG 'ansible_navigator.main' ansible-navigator.ansible.config.help not found in settings file
2023-08-19T04:49:09.253157+00:00 DEBUG 'ansible_navigator.main' ansible-navigator.ansible.doc.help not found in settings file
2023-08-19T04:49:09.253175+00:00 DEBUG 'ansible_navigator.main' ansible-navigator.ansible.inventory.help not found in settings file
2023-08-19T04:49:09.253194+00:00 DEBUG 'ansible_navigator.main' ansible-navigator.ansible.playbook.help not found in settings file
2023-08-19T04:49:09.253212+00:00 DEBUG 'ansible_navigator.main' ansible-navigator.images.details not found in settings file
2023-08-19T04:49:09.253230+00:00 DEBUG 'ansible_navigator.main' ansible-navigator.ansible.inventory.entries not found in settings file
2023-08-19T04:49:09.253248+00:00 DEBUG 'ansible_navigator.main' ansible-navigator.inventory-columns not found in settings file
2023-08-19T04:49:09.253266+00:00 DEBUG 'ansible_navigator.main' ansible-navigator.ansible-lint.config not found in settings file
2023-08-19T04:49:09.253284+00:00 DEBUG 'ansible_navigator.main' ansible-navigator.ansible-lint.lintables not found in settings file
2023-08-19T04:49:09.253303+00:00 DEBUG 'ansible_navigator.main' ansible-navigator.logging.append not found in settings file
2023-08-19T04:49:09.253321+00:00 DEBUG 'ansible_navigator.main' ansible-navigator.logging.file not found in settings file
2023-08-19T04:49:09.253339+00:00 DEBUG 'ansible_navigator.main' ansible-navigator.logging.level not found in settings file
2023-08-19T04:49:09.253358+00:00 DEBUG 'ansible_navigator.main' ansible-navigator.color.osc4 not found in settings file
2023-08-19T04:49:09.253376+00:00 DEBUG 'ansible_navigator.main' ansible-navigator.execution-environment.environment-variables.pass not found in settings file
2023-08-19T04:49:09.253394+00:00 DEBUG 'ansible_navigator.main' ansible-navigator.ansible.playbook.path not found in settings file
2023-08-19T04:49:09.253413+00:00 DEBUG 'ansible_navigator.main' ansible-navigator.playbook-artifact.replay not found in settings file
2023-08-19T04:49:09.253432+00:00 DEBUG 'ansible_navigator.main' ansible-navigator.playbook-artifact.save-as not found in settings file
2023-08-19T04:49:09.253450+00:00 DEBUG 'ansible_navigator.main' ansible-navigator.ansible.doc.plugin.name not found in settings file
2023-08-19T04:49:09.253469+00:00 DEBUG 'ansible_navigator.main' ansible-navigator.ansible.doc.plugin.type not found in settings file
2023-08-19T04:49:09.253487+00:00 DEBUG 'ansible_navigator.main' ansible-navigator.execution-environment.pull.arguments not found in settings file
2023-08-19T04:49:09.253505+00:00 DEBUG 'ansible_navigator.main' ansible-navigator.execution-environment.environment-variables.set not found in settings file
2023-08-19T04:49:09.253523+00:00 DEBUG 'ansible_navigator.main' ansible-navigator.settings.effective not found in settings file
2023-08-19T04:49:09.253541+00:00 DEBUG 'ansible_navigator.main' ansible-navigator.settings.sample not found in settings file
2023-08-19T04:49:09.253565+00:00 DEBUG 'ansible_navigator.main' ansible-navigator.settings.schema not found in settings file
2023-08-19T04:49:09.253584+00:00 DEBUG 'ansible_navigator.main' ansible-navigator.settings.sources not found in settings file
2023-08-19T04:49:09.253603+00:00 DEBUG 'ansible_navigator.main' ansible-navigator.time-zone not found in settings file
2023-08-19T04:49:09.253621+00:00 DEBUG 'ansible_navigator.main' ansible-navigator.ansible-builder.workdir not found in settings file
2023-08-19T04:49:09.253642+00:00 WARNING 'ansible_navigator.main' Configuration errors encountered, rolling back to previous configuration.
2023-08-19T04:49:09.253661+00:00 DEBUG 'ansible_navigator.main' Prior to rollback: ansible_runner_artifact_dir = 'Not set' (Constants/Not set)
2023-08-19T04:49:09.253679+00:00 DEBUG 'ansible_navigator.main' Prior to rollback: ansible_runner_rotate_artifacts_count = 'Not set' (Constants/Not set)
2023-08-19T04:49:09.253698+00:00 DEBUG 'ansible_navigator.main' Prior to rollback: ansible_runner_timeout = 'Not set' (Constants/Not set)
2023-08-19T04:49:09.253716+00:00 DEBUG 'ansible_navigator.main' Prior to rollback: app = 'welcome' (str/Defaults)
2023-08-19T04:49:09.253735+00:00 DEBUG 'ansible_navigator.main' Prior to rollback: cmdline = '['create_user.yml', '--syntax']' (list/Command line)
2023-08-19T04:49:09.253753+00:00 DEBUG 'ansible_navigator.main' Prior to rollback: collection_doc_cache_path = '/home/student/.cache/ansible-navigator/collection_doc_cache.db' (str/Defaults)
2023-08-19T04:49:09.253772+00:00 DEBUG 'ansible_navigator.main' Prior to rollback: config = 'Not set' (Constants/Not set)
2023-08-19T04:49:09.253790+00:00 DEBUG 'ansible_navigator.main' Prior to rollback: container_engine = 'auto' (str/Defaults)
2023-08-19T04:49:09.253809+00:00 DEBUG 'ansible_navigator.main' Prior to rollback: container_options = 'Not set' (Constants/Not set)
2023-08-19T04:49:09.253827+00:00 DEBUG 'ansible_navigator.main' Prior to rollback: display_color = 'True' (bool/Defaults)
2023-08-19T04:49:09.253846+00:00 DEBUG 'ansible_navigator.main' Prior to rollback: editor_command = 'vi +{line_number} {filename}' (str/Defaults)
2023-08-19T04:49:09.253869+00:00 DEBUG 'ansible_navigator.main' Prior to rollback: editor_console = 'True' (bool/Defaults)
2023-08-19T04:49:09.253895+00:00 DEBUG 'ansible_navigator.main' Prior to rollback: exec_command = '/bin/bash' (str/Defaults)
2023-08-19T04:49:09.253924+00:00 DEBUG 'ansible_navigator.main' Prior to rollback: exec_shell = 'True' (bool/Defaults)
2023-08-19T04:49:09.253948+00:00 DEBUG 'ansible_navigator.main' Prior to rollback: execution_environment = 'True' (bool/Defaults)
2023-08-19T04:49:09.253967+00:00 DEBUG 'ansible_navigator.main' Prior to rollback: execution_environment_image = 'ee-supported-rhel8:latest' (str/Settings file)
2023-08-19T04:49:09.253985+00:00 DEBUG 'ansible_navigator.main' Prior to rollback: execution_environment_volume_mounts = 'Not set' (Constants/Not set)
2023-08-19T04:49:09.254004+00:00 DEBUG 'ansible_navigator.main' Prior to rollback: help_builder = 'False' (bool/Defaults)
2023-08-19T04:49:09.254022+00:00 DEBUG 'ansible_navigator.main' Prior to rollback: help_config = 'False' (bool/Defaults)
2023-08-19T04:49:09.254040+00:00 DEBUG 'ansible_navigator.main' Prior to rollback: help_doc = 'False' (bool/Defaults)
2023-08-19T04:49:09.254058+00:00 DEBUG 'ansible_navigator.main' Prior to rollback: help_inventory = 'False' (bool/Defaults)
2023-08-19T04:49:09.254076+00:00 DEBUG 'ansible_navigator.main' Prior to rollback: help_playbook = 'False' (bool/Defaults)
2023-08-19T04:49:09.254112+00:00 DEBUG 'ansible_navigator.main' Prior to rollback: images_details = '['everything']' (list/Defaults)
2023-08-19T04:49:09.254154+00:00 DEBUG 'ansible_navigator.main' Prior to rollback: inventory = 'Not set' (Constants/Not set)
2023-08-19T04:49:09.254175+00:00 DEBUG 'ansible_navigator.main' Prior to rollback: inventory_column = 'Not set' (Constants/Not set)
2023-08-19T04:49:09.254194+00:00 DEBUG 'ansible_navigator.main' Prior to rollback: lint_config = 'Not set' (Constants/Not set)
2023-08-19T04:49:09.254230+00:00 DEBUG 'ansible_navigator.main' Prior to rollback: lintables = 'Not set' (Constants/Not set)
2023-08-19T04:49:09.254250+00:00 DEBUG 'ansible_navigator.main' Prior to rollback: log_append = 'True' (bool/Defaults)
2023-08-19T04:49:09.254269+00:00 DEBUG 'ansible_navigator.main' Prior to rollback: log_file = '/home/student/EX374/user-project/ansible-navigator.log' (str/Defaults)
2023-08-19T04:49:09.254288+00:00 DEBUG 'ansible_navigator.main' Prior to rollback: log_level = 'warning' (str/Defaults)
2023-08-19T04:49:09.254307+00:00 DEBUG 'ansible_navigator.main' Prior to rollback: mode = 'stdout' (str/Settings file)
2023-08-19T04:49:09.254326+00:00 DEBUG 'ansible_navigator.main' Prior to rollback: osc4 = 'True' (bool/Defaults)
2023-08-19T04:49:09.254345+00:00 DEBUG 'ansible_navigator.main' Prior to rollback: pass_environment_variable = 'Not set' (Constants/Not set)
2023-08-19T04:49:09.254364+00:00 DEBUG 'ansible_navigator.main' Prior to rollback: playbook = 'Not set' (Constants/Not set)
2023-08-19T04:49:09.254383+00:00 DEBUG 'ansible_navigator.main' Prior to rollback: playbook_artifact_enable = 'False' (bool/Settings file)
2023-08-19T04:49:09.254402+00:00 DEBUG 'ansible_navigator.main' Prior to rollback: playbook_artifact_replay = 'Not set' (Constants/Not set)
2023-08-19T04:49:09.254421+00:00 DEBUG 'ansible_navigator.main' Prior to rollback: playbook_artifact_save_as = '{playbook_dir}/{playbook_name}-artifact-{time_stamp}.json' (str/Defaults)
2023-08-19T04:49:09.254440+00:00 DEBUG 'ansible_navigator.main' Prior to rollback: plugin_name = 'Not set' (Constants/Not set)
2023-08-19T04:49:09.254459+00:00 DEBUG 'ansible_navigator.main' Prior to rollback: plugin_type = 'module' (str/Defaults)
2023-08-19T04:49:09.254478+00:00 DEBUG 'ansible_navigator.main' Prior to rollback: pull_arguments = 'Not set' (Constants/Not set)
2023-08-19T04:49:09.254497+00:00 DEBUG 'ansible_navigator.main' Prior to rollback: pull_policy = 'missing' (str/Settings file)
2023-08-19T04:49:09.254516+00:00 DEBUG 'ansible_navigator.main' Prior to rollback: set_environment_variable = 'Not set' (Constants/Not set)
2023-08-19T04:49:09.254535+00:00 DEBUG 'ansible_navigator.main' Prior to rollback: settings_effective = 'False' (bool/Defaults)
2023-08-19T04:49:09.254554+00:00 DEBUG 'ansible_navigator.main' Prior to rollback: settings_sample = 'False' (bool/Defaults)
2023-08-19T04:49:09.254573+00:00 DEBUG 'ansible_navigator.main' Prior to rollback: settings_schema = 'json' (str/Defaults)
2023-08-19T04:49:09.254592+00:00 DEBUG 'ansible_navigator.main' Prior to rollback: settings_sources = 'False' (bool/Defaults)
2023-08-19T04:49:09.254611+00:00 DEBUG 'ansible_navigator.main' Prior to rollback: time_zone = 'UTC' (str/Defaults)
2023-08-19T04:49:09.254630+00:00 DEBUG 'ansible_navigator.main' Prior to rollback: workdir = '/home/student/EX374/user-project' (str/Defaults)
2023-08-19T04:49:09.254649+00:00 DEBUG 'ansible_navigator.main' After rollback: ansible_runner_artifact_dir = 'Not set' (Constants/Not set)
2023-08-19T04:49:09.254668+00:00 DEBUG 'ansible_navigator.main' After rollback: ansible_runner_rotate_artifacts_count = 'Not set' (Constants/Not set)
2023-08-19T04:49:09.254688+00:00 DEBUG 'ansible_navigator.main' After rollback: ansible_runner_timeout = 'Not set' (Constants/Not set)
2023-08-19T04:49:09.254706+00:00 DEBUG 'ansible_navigator.main' After rollback: app = 'Not set' (Constants/Not set)
2023-08-19T04:49:09.254725+00:00 DEBUG 'ansible_navigator.main' After rollback: cmdline = 'Not set' (Constants/Not set)
2023-08-19T04:49:09.254744+00:00 DEBUG 'ansible_navigator.main' After rollback: collection_doc_cache_path = 'Not set' (Constants/Not set)
2023-08-19T04:49:09.254763+00:00 DEBUG 'ansible_navigator.main' After rollback: config = 'Not set' (Constants/Not set)
2023-08-19T04:49:09.254782+00:00 DEBUG 'ansible_navigator.main' After rollback: container_engine = 'Not set' (Constants/Not set)
2023-08-19T04:49:09.254802+00:00 DEBUG 'ansible_navigator.main' After rollback: container_options = 'Not set' (Constants/Not set)
2023-08-19T04:49:09.254826+00:00 DEBUG 'ansible_navigator.main' After rollback: display_color = 'Not set' (Constants/Not set)
2023-08-19T04:49:09.254846+00:00 DEBUG 'ansible_navigator.main' After rollback: editor_command = 'Not set' (Constants/Not set)
2023-08-19T04:49:09.254874+00:00 DEBUG 'ansible_navigator.main' After rollback: editor_console = 'Not set' (Constants/Not set)
2023-08-19T04:49:09.254906+00:00 DEBUG 'ansible_navigator.main' After rollback: exec_command = 'Not set' (Constants/Not set)
2023-08-19T04:49:09.254924+00:00 DEBUG 'ansible_navigator.main' After rollback: exec_shell = 'Not set' (Constants/Not set)
2023-08-19T04:49:09.254942+00:00 DEBUG 'ansible_navigator.main' After rollback: execution_environment = 'Not set' (Constants/Not set)
2023-08-19T04:49:09.254960+00:00 DEBUG 'ansible_navigator.main' After rollback: execution_environment_image = 'Not set' (Constants/Not set)
2023-08-19T04:49:09.254978+00:00 DEBUG 'ansible_navigator.main' After rollback: execution_environment_volume_mounts = 'Not set' (Constants/Not set)
2023-08-19T04:49:09.254996+00:00 DEBUG 'ansible_navigator.main' After rollback: help_builder = 'Not set' (Constants/Not set)
2023-08-19T04:49:09.255014+00:00 DEBUG 'ansible_navigator.main' After rollback: help_config = 'Not set' (Constants/Not set)
2023-08-19T04:49:09.255032+00:00 DEBUG 'ansible_navigator.main' After rollback: help_doc = 'Not set' (Constants/Not set)
2023-08-19T04:49:09.255050+00:00 DEBUG 'ansible_navigator.main' After rollback: help_inventory = 'Not set' (Constants/Not set)
2023-08-19T04:49:09.255068+00:00 DEBUG 'ansible_navigator.main' After rollback: help_playbook = 'Not set' (Constants/Not set)
2023-08-19T04:49:09.255086+00:00 DEBUG 'ansible_navigator.main' After rollback: images_details = 'Not set' (Constants/Not set)
2023-08-19T04:49:09.255104+00:00 DEBUG 'ansible_navigator.main' After rollback: inventory = 'Not set' (Constants/Not set)
2023-08-19T04:49:09.255129+00:00 DEBUG 'ansible_navigator.main' After rollback: inventory_column = 'Not set' (Constants/Not set)
2023-08-19T04:49:09.255150+00:00 DEBUG 'ansible_navigator.main' After rollback: lint_config = 'Not set' (Constants/Not set)
2023-08-19T04:49:09.255168+00:00 DEBUG 'ansible_navigator.main' After rollback: lintables = 'Not set' (Constants/Not set)
2023-08-19T04:49:09.255185+00:00 DEBUG 'ansible_navigator.main' After rollback: log_append = 'Not set' (Constants/Not set)
2023-08-19T04:49:09.255203+00:00 DEBUG 'ansible_navigator.main' After rollback: log_file = 'Not set' (Constants/Not set)
2023-08-19T04:49:09.255221+00:00 DEBUG 'ansible_navigator.main' After rollback: log_level = 'Not set' (Constants/Not set)
2023-08-19T04:49:09.255239+00:00 DEBUG 'ansible_navigator.main' After rollback: mode = 'Not set' (Constants/Not set)
2023-08-19T04:49:09.255267+00:00 DEBUG 'ansible_navigator.main' After rollback: osc4 = 'Not set' (Constants/Not set)
2023-08-19T04:49:09.255283+00:00 DEBUG 'ansible_navigator.main' After rollback: pass_environment_variable = 'Not set' (Constants/Not set)
2023-08-19T04:49:09.255300+00:00 DEBUG 'ansible_navigator.main' After rollback: playbook = 'Not set' (Constants/Not set)
2023-08-19T04:49:09.255317+00:00 DEBUG 'ansible_navigator.main' After rollback: playbook_artifact_enable = 'Not set' (Constants/Not set)
2023-08-19T04:49:09.255334+00:00 DEBUG 'ansible_navigator.main' After rollback: playbook_artifact_replay = 'Not set' (Constants/Not set)
2023-08-19T04:49:09.255350+00:00 DEBUG 'ansible_navigator.main' After rollback: playbook_artifact_save_as = 'Not set' (Constants/Not set)
2023-08-19T04:49:09.255367+00:00 DEBUG 'ansible_navigator.main' After rollback: plugin_name = 'Not set' (Constants/Not set)
2023-08-19T04:49:09.255384+00:00 DEBUG 'ansible_navigator.main' After rollback: plugin_type = 'Not set' (Constants/Not set)
2023-08-19T04:49:09.255400+00:00 DEBUG 'ansible_navigator.main' After rollback: pull_arguments = 'Not set' (Constants/Not set)
2023-08-19T04:49:09.255417+00:00 DEBUG 'ansible_navigator.main' After rollback: pull_policy = 'Not set' (Constants/Not set)
2023-08-19T04:49:09.255434+00:00 DEBUG 'ansible_navigator.main' After rollback: set_environment_variable = 'Not set' (Constants/Not set)
2023-08-19T04:49:09.255457+00:00 DEBUG 'ansible_navigator.main' After rollback: settings_effective = 'Not set' (Constants/Not set)
2023-08-19T04:49:09.255475+00:00 DEBUG 'ansible_navigator.main' After rollback: settings_sample = 'Not set' (Constants/Not set)
2023-08-19T04:49:09.255492+00:00 DEBUG 'ansible_navigator.main' After rollback: settings_schema = 'Not set' (Constants/Not set)
2023-08-19T04:49:09.255509+00:00 DEBUG 'ansible_navigator.main' After rollback: settings_sources = 'Not set' (Constants/Not set)
2023-08-19T04:49:09.255526+00:00 DEBUG 'ansible_navigator.main' After rollback: time_zone = 'Not set' (Constants/Not set)
2023-08-19T04:49:09.255543+00:00 DEBUG 'ansible_navigator.main' After rollback: workdir = 'Not set' (Constants/Not set)
2023-08-19T04:49:09.255560+00:00 DEBUG 'ansible_navigator.main' Configuration rollback complete.
2023-08-19T04:49:09.255578+00:00 DEBUG 'ansible_navigator.main' Collection doc cache not mounted
2023-08-19T04:49:09.255604+00:00 WARNING 'ansible_navigator.main' Issues were found while applying the settings.
2023-08-19T04:49:09.255625+00:00 INFO 'ansible_navigator.main' Command provided: 'create_user.yml --syntax'
2023-08-19T04:49:09.255647+00:00 ERROR 'ansible_navigator.main' argument {subcommand} --help: invalid choice: 'create_user.yml' (choose from 'builder', 'collections', 'config', 'doc', 'exec', 'images', 'inventory', 'lint', 'replay', 'run', 'settings', 'welcome')
2023-08-19T04:49:09.255668+00:00 INFO 'ansible_navigator.main' Configuration failed, using default log file location. (/home/student/EX374/user-project/ansible-navigator.log) Log level set to debug
2023-08-19T04:49:09.255687+00:00 INFO 'ansible_navigator.main' Review the hints and log file to see what went wrong.
